
 Ansys Mechanical Enterprise                       


 *------------------------------------------------------------------*
 |                                                                  |
 |   W E L C O M E   T O   T H E   A N S Y S (R)  P R O G R A M     |
 |                                                                  |
 *------------------------------------------------------------------*




 ***************************************************************
 *            ANSYS 2022 R1          LEGAL NOTICES             *
 ***************************************************************
 *                                                             *
 * Copyright 1971-2022 ANSYS, Inc.  All rights reserved.       *
 * Unauthorized use, distribution or duplication is            *
 * prohibited.                                                 *
 *                                                             *
 * Ansys is a registered trademark of ANSYS, Inc. or its       *
 * subsidiaries in the United States or other countries.       *
 * See the ANSYS, Inc. online documentation or the ANSYS, Inc. *
 * documentation CD or online help for the complete Legal      *
 * Notice.                                                     *
 *                                                             *
 ***************************************************************
 *                                                             *
 * THIS ANSYS SOFTWARE PRODUCT AND PROGRAM DOCUMENTATION       *
 * INCLUDE TRADE SECRETS AND CONFIDENTIAL AND PROPRIETARY      *
 * PRODUCTS OF ANSYS, INC., ITS SUBSIDIARIES, OR LICENSORS.    *
 * The software products and documentation are furnished by    *
 * ANSYS, Inc. or its subsidiaries under a software license    *
 * agreement that contains provisions concerning               *
 * non-disclosure, copying, length and nature of use,          *
 * compliance with exporting laws, warranties, disclaimers,    *
 * limitations of liability, and remedies, and other           *
 * provisions.  The software products and documentation may be *
 * used, disclosed, transferred, or copied only in accordance  *
 * with the terms and conditions of that software license      *
 * agreement.                                                  *
 *                                                             *
 * ANSYS, Inc. is a UL registered                              *
 * ISO 9001:2015 company.                                      *
 *                                                             *
 ***************************************************************
 *                                                             *
 * This product is subject to U.S. laws governing export and   *
 * re-export.                                                  *
 *                                                             *
 * For U.S. Government users, except as specifically granted   *
 * by the ANSYS, Inc. software license agreement, the use,     *
 * duplication, or disclosure by the United States Government  *
 * is subject to restrictions stated in the ANSYS, Inc.        *
 * software license agreement and FAR 12.212 (for non-DOD      *
 * licenses).                                                  *
 *                                                             *
 ***************************************************************

 2022 R1 
     
 Point Releases and Patches installed:   
     
 ANSYS, Inc. License Manager 2022 R1 
 Discovery 2022 R1   
 SpaceClaim 2022 R1  
 Ansys Sherlock 2022 R1  
 Autodyn 2022 R1 
 LS-DYNA 2022 R1 
 CFX (includes CFD-Post) 2022 R1 
 Chemkin 2022 R1 
 EnSight 2022 R1 
 FENSAP-ICE 2022 R1  
 Fluent (includes CFD-Post) 2022 R1  
 Polyflow (includes CFD-Post) 2022 R1
 Forte (includes EnSight) 2022 R1
 TurboGrid 2022 R1   
 ICEM CFD 2022 R1
 Aqwa 2022 R1
 Speos 2022 R1   
 Additive 2022 R1
 Mechanical Products 2022 R1 
 Icepak (includes CFD-Post) 2022 R1  
 ACIS Geometry Interface 2022 R1 
 AutoCAD Geometry Interface 2022 R1  
 Catia, Version 4 Geometry Interface 2022 R1 
 Catia, Version 5 Geometry Interface 2022 R1 
 Catia, Version 6 Geometry Interface 2022 R1 
 Creo Elements/Direct Modeling Geometry Interface 2022 R1
 Creo Parametric Geometry Interface 2022 R1  
 Inventor Geometry Interface 2022 R1 
 JTOpen Geometry Interface 2022 R1   
 NX Geometry Interface 2022 R1   
 Parasolid Geometry Interface  2022 R1   
 Solid Edge Geometry Interface 2022 R1   
 SOLIDWORKS Geometry Interface 2022 R1   


          *****  ANSYS COMMAND LINE ARGUMENTS  *****
  BATCH MODE REQUESTED (-b)    = NOLIST
  INPUT FILE COPY MODE (-c)    = COPY
  DISTRIBUTED MEMORY PARALLEL REQUESTED
       2 PARALLEL PROCESSES REQUESTED WITH SINGLE THREAD PER PROCESS
    TOTAL OF     2 CORES REQUESTED
  INPUT FILE NAME              = C:\Users\Dharshan K\AppData\Local\Temp\WB_Dharshan K_12668_2\_ProjectScratch\Scr1533\dummy.dat
  OUTPUT FILE NAME             = C:\Users\Dharshan K\AppData\Local\Temp\WB_Dharshan K_12668_2\_ProjectScratch\Scr1533\solve.out
  START-UP FILE MODE           = NOREAD
  STOP FILE MODE               = NOREAD

 RELEASE= 2022 R1              BUILD= 22.1      UP20211129   VERSION=WINDOWS x64 
 CURRENT JOBNAME=file0  22:51:17  SEP 15, 2022 CP=      0.203


 PARAMETER _DS_PROGRESS =     999.0000000    

 /INPUT FILE= ds.dat  LINE=       0



 *** NOTE ***                            CP =       0.250   TIME= 22:51:18
 The /CONFIG,NOELDB command is not valid in a Distributed ANSYS          
 solution.  Command is ignored.                                          

 *GET  _WALLSTRT  FROM  ACTI  ITEM=TIME WALL  VALUE=  22.8550000    

 TITLE= 
 wbnew--Static Structural (A5)                                                 

  ACT Extensions:
      LSDYNA, 2021.1
      5f463412-bd3e-484b-87e7-cbc0a665e474, wbex
  

 SET PARAMETER DIMENSIONS ON  _WB_PROJECTSCRATCH_DIR
  TYPE=STRI  DIMENSIONS=      248        1        1

 PARAMETER _WB_PROJECTSCRATCH_DIR(1) = C:\Users\Dharshan K\AppData\Local\Temp\WB_Dharshan K_12668_2\_ProjectScratch\Scr1533\

 SET PARAMETER DIMENSIONS ON  _WB_SOLVERFILES_DIR
  TYPE=STRI  DIMENSIONS=      248        1        1

 PARAMETER _WB_SOLVERFILES_DIR(1) = C:\Users\Dharshan K\AppData\Local\Temp\WB_Dharshan K_12668_2\wbnew_files\dp0\SYS\MECH\

 SET PARAMETER DIMENSIONS ON  _WB_USERFILES_DIR
  TYPE=STRI  DIMENSIONS=      248        1        1

 PARAMETER _WB_USERFILES_DIR(1) = C:\Users\Dharshan K\AppData\Local\Temp\WB_Dharshan K_12668_2\wbnew_files\user_files\
 --- Data in consistent MKS units. See Solving Units in the help system for more

 MKS UNITS SPECIFIED FOR INTERNAL    
  LENGTH        (l)  = METER (M)
  MASS          (M)  = KILOGRAM (KG)
  TIME          (t)  = SECOND (SEC)
  TEMPERATURE   (T)  = CELSIUS (C)
  TOFFSET            = 273.0
  CHARGE        (Q)  = COULOMB
  FORCE         (f)  = NEWTON (N) (KG-M/SEC2)
  HEAT               = JOULE (N-M)

  PRESSURE           = PASCAL (NEWTON/M**2)
  ENERGY        (W)  = JOULE (N-M)
  POWER         (P)  = WATT (N-M/SEC)
  CURRENT       (i)  = AMPERE (COULOMBS/SEC)
  CAPACITANCE   (C)  = FARAD
  INDUCTANCE    (L)  = HENRY
  MAGNETIC FLUX      = WEBER
  RESISTANCE    (R)  = OHM
  ELECTRIC POTENTIAL = VOLT

 INPUT  UNITS ARE ALSO SET TO MKS 

 *** ANSYS - ENGINEERING ANALYSIS SYSTEM  RELEASE 2022 R1          22.1     ***
 DISTRIBUTED Ansys Mechanical Enterprise                       

 00000000  VERSION=WINDOWS x64   22:51:18  SEP 15, 2022 CP=      0.250

 wbnew--Static Structural (A5)                                                 



          ***** ANSYS ANALYSIS DEFINITION (PREP7) *****
 *********** Nodes for the whole assembly ***********
 *********** Elements for Body 1 "Line Body" ***********
 *********** Send User Defined Coordinate System(s) ***********
 *********** Set Reference Temperature ***********
 *********** Send Materials ***********
 *********** Send Beam Properties ***********
 *********** Fixed Supports ***********
 ******* Constant Zero Displacement Y *******
 ******* Constant Zero Displacement Z *******
 *********** Define Vertex Force Using Follower Elements ***********
 *********** Define Vertex Force Using Follower Elements ***********
 *********** Define Vertex Force Using Follower Elements ***********
 *********** Define Vertex Force Using Follower Elements ***********


 ***** ROUTINE COMPLETED *****  CP =         0.422


 --- Number of total nodes = 618
 --- Number of contact elements = 0
 --- Number of spring elements = 0
 --- Number of bearing elements = 0
 --- Number of solid elements = 311
 --- Number of condensed parts = 0
 --- Number of total elements = 323

 *GET  _WALLBSOL  FROM  ACTI  ITEM=TIME WALL  VALUE=  22.8550000    
 ****************************************************************************
 *************************    SOLUTION       ********************************
 ****************************************************************************

 *****  ANSYS SOLUTION ROUTINE  *****


 PERFORM A STATIC ANALYSIS
  THIS WILL BE A NEW ANALYSIS

 PARAMETER _THICKRATIO =     0.000000000    

 USE SPARSE MATRIX DIRECT SOLVER

 CONTACT INFORMATION PRINTOUT LEVEL       1

 DO NOT COMBINE ELEMENT MATRIX FILES (.emat) AFTER DISTRIBUTED PARALLEL SOLUTION

 DO NOT COMBINE ELEMENT SAVE DATA FILES (.esav) AFTER DISTRIBUTED PARALLEL SOLUTION

 NLDIAG: Nonlinear diagnostics CONT option is set to ON. 
         Writing frequency : each ITERATION.

 DO NOT SAVE ANY RESTART FILES AT ALL
 ****************************************************
 ******************* SOLVE FOR LS 1 OF 1 ****************

 SELECT       FOR ITEM=REAL COMPONENT=    
  IN RANGE         2 TO          2 STEP          1

          1  ELEMENTS (OF        323  DEFINED) SELECTED BY  ESEL  COMMAND.

 SPECIFIED SURFACE LOAD PRES FOR ALL SELECTED ELEMENTS  LKEY =  1   KVAL = 1
     VALUES =    -5000.0        -5000.0        -5000.0        -5000.0    

 SELECT       FOR ITEM=REAL COMPONENT=    
  IN RANGE         3 TO          3 STEP          1

          1  ELEMENTS (OF        323  DEFINED) SELECTED BY  ESEL  COMMAND.

 SPECIFIED SURFACE LOAD PRES FOR ALL SELECTED ELEMENTS  LKEY =  1   KVAL = 1
     VALUES =    -8660.3        -8660.3        -8660.3        -8660.3    

 SELECT       FOR ITEM=REAL COMPONENT=    
  IN RANGE         4 TO          4 STEP          1

          1  ELEMENTS (OF        323  DEFINED) SELECTED BY  ESEL  COMMAND.

 SPECIFIED SURFACE LOAD PRES FOR ALL SELECTED ELEMENTS  LKEY =  1   KVAL = 1
     VALUES =     0.0000         0.0000         0.0000         0.0000    

 SELECT       FOR ITEM=REAL COMPONENT=    
  IN RANGE         5 TO          5 STEP          1

          1  ELEMENTS (OF        323  DEFINED) SELECTED BY  ESEL  COMMAND.

 SPECIFIED SURFACE LOAD PRES FOR ALL SELECTED ELEMENTS  LKEY =  1   KVAL = 1
     VALUES =    -10000.        -10000.        -10000.        -10000.    

 SELECT       FOR ITEM=REAL COMPONENT=    
  IN RANGE         6 TO          6 STEP          1

          1  ELEMENTS (OF        323  DEFINED) SELECTED BY  ESEL  COMMAND.

 SPECIFIED SURFACE LOAD PRES FOR ALL SELECTED ELEMENTS  LKEY =  1   KVAL = 1
     VALUES =    -17321.        -17321.        -17321.        -17321.    

 SELECT       FOR ITEM=REAL COMPONENT=    
  IN RANGE         7 TO          7 STEP          1

          1  ELEMENTS (OF        323  DEFINED) SELECTED BY  ESEL  COMMAND.

 SPECIFIED SURFACE LOAD PRES FOR ALL SELECTED ELEMENTS  LKEY =  1   KVAL = 1
     VALUES =     0.0000         0.0000         0.0000         0.0000    

 SELECT       FOR ITEM=REAL COMPONENT=    
  IN RANGE         8 TO          8 STEP          1

          1  ELEMENTS (OF        323  DEFINED) SELECTED BY  ESEL  COMMAND.

 SPECIFIED SURFACE LOAD PRES FOR ALL SELECTED ELEMENTS  LKEY =  1   KVAL = 1
     VALUES =    -5000.0        -5000.0        -5000.0        -5000.0    

 SELECT       FOR ITEM=REAL COMPONENT=    
  IN RANGE         9 TO          9 STEP          1

          1  ELEMENTS (OF        323  DEFINED) SELECTED BY  ESEL  COMMAND.

 SPECIFIED SURFACE LOAD PRES FOR ALL SELECTED ELEMENTS  LKEY =  1   KVAL = 1
     VALUES =    -8660.3        -8660.3        -8660.3        -8660.3    

 SELECT       FOR ITEM=REAL COMPONENT=    
  IN RANGE        10 TO         10 STEP          1

          1  ELEMENTS (OF        323  DEFINED) SELECTED BY  ESEL  COMMAND.

 SPECIFIED SURFACE LOAD PRES FOR ALL SELECTED ELEMENTS  LKEY =  1   KVAL = 1
     VALUES =     0.0000         0.0000         0.0000         0.0000    

 SELECT       FOR ITEM=REAL COMPONENT=    
  IN RANGE        11 TO         11 STEP          1

          1  ELEMENTS (OF        323  DEFINED) SELECTED BY  ESEL  COMMAND.

 SPECIFIED SURFACE LOAD PRES FOR ALL SELECTED ELEMENTS  LKEY =  1   KVAL = 1
     VALUES =     0.0000         0.0000         0.0000         0.0000    

 SELECT       FOR ITEM=REAL COMPONENT=    
  IN RANGE        12 TO         12 STEP          1

          1  ELEMENTS (OF        323  DEFINED) SELECTED BY  ESEL  COMMAND.

 SPECIFIED SURFACE LOAD PRES FOR ALL SELECTED ELEMENTS  LKEY =  1   KVAL = 1
     VALUES =    -10000.        -10000.        -10000.        -10000.    

 SELECT       FOR ITEM=REAL COMPONENT=    
  IN RANGE        13 TO         13 STEP          1

          1  ELEMENTS (OF        323  DEFINED) SELECTED BY  ESEL  COMMAND.

 SPECIFIED SURFACE LOAD PRES FOR ALL SELECTED ELEMENTS  LKEY =  1   KVAL = 1
     VALUES =     0.0000         0.0000         0.0000         0.0000    

 ALL SELECT   FOR ITEM=ELEM COMPONENT=    
  IN RANGE         1 TO        323 STEP          1

        323  ELEMENTS (OF        323  DEFINED) SELECTED BY  ESEL  COMMAND.

 PRINTOUT RESUMED BY /GOP

 USE       1 SUBSTEPS INITIALLY THIS LOAD STEP FOR ALL  DEGREES OF FREEDOM
 FOR AUTOMATIC TIME STEPPING:
   USE      1 SUBSTEPS AS A MAXIMUM
   USE      1 SUBSTEPS AS A MINIMUM

 TIME=  1.0000    

 ERASE THE CURRENT DATABASE OUTPUT CONTROL TABLE.


 WRITE ALL  ITEMS TO THE DATABASE WITH A FREQUENCY OF NONE
   FOR ALL APPLICABLE ENTITIES

 WRITE NSOL ITEMS TO THE DATABASE WITH A FREQUENCY OF ALL 
   FOR ALL APPLICABLE ENTITIES

 WRITE RSOL ITEMS TO THE DATABASE WITH A FREQUENCY OF ALL 
   FOR ALL APPLICABLE ENTITIES

 WRITE EANG ITEMS TO THE DATABASE WITH A FREQUENCY OF ALL 
   FOR ALL APPLICABLE ENTITIES

 WRITE ETMP ITEMS TO THE DATABASE WITH A FREQUENCY OF ALL 
   FOR ALL APPLICABLE ENTITIES

 WRITE VENG ITEMS TO THE DATABASE WITH A FREQUENCY OF ALL 
   FOR ALL APPLICABLE ENTITIES

 WRITE STRS ITEMS TO THE DATABASE WITH A FREQUENCY OF ALL 
   FOR ALL APPLICABLE ENTITIES

 WRITE EPEL ITEMS TO THE DATABASE WITH A FREQUENCY OF ALL 
   FOR ALL APPLICABLE ENTITIES

 WRITE EPPL ITEMS TO THE DATABASE WITH A FREQUENCY OF ALL 
   FOR ALL APPLICABLE ENTITIES

 WRITE CONT ITEMS TO THE DATABASE WITH A FREQUENCY OF ALL 
   FOR ALL APPLICABLE ENTITIES

 PRINTOUT RESUMED BY /GOP

 WRITE MISC ITEMS TO THE DATABASE WITH A FREQUENCY OF ALL 
   FOR THE ENTITIES DEFINED BY COMPONENT _ELMISC 

 *GET  ANSINTER_  FROM  ACTI  ITEM=INT        VALUE=  0.00000000    

 *IF  ANSINTER_                         ( =   0.00000     )  NE  
      0                                 ( =   0.00000     )  THEN    

 *ENDIF

 *** NOTE ***                            CP =       0.484   TIME= 22:51:18
 The automatic domain decomposition logic has selected the MESH domain   
 decomposition method with 2 processes per solution.                     

 *****  ANSYS SOLVE    COMMAND  *****

 *** WARNING ***                         CP =       0.484   TIME= 22:51:18
 Element shape checking is currently inactive.  Issue SHPP,ON or         
 SHPP,WARN to reactivate, if desired.                                    

 *** NOTE ***                            CP =       0.484   TIME= 22:51:18
 The model data was checked and warning messages were found.             
  Please review output or errors file ( C:\Users\Dharshan                
 K\AppData\Local\Temp\WB_Dharshan                                        
 K_12668_2\_ProjectScratch\Scr1533\file0.err ) for these warning         
 messages.                                                               

 *** SELECTION OF ELEMENT TECHNOLOGIES FOR APPLICABLE ELEMENTS ***
      --- GIVE SUGGESTIONS AND RESET THE KEY OPTIONS ---

 ELEMENT TYPE         1 IS BEAM188 . KEYOPT(1)=1 IS SUGGESTED FOR NON-CIRCULAR CROSS
 SECTIONS AND KEYOPT(3) IS ALREADY SET AS SUGGESTED. KEYOPT(1) CAN NOT BE RESET
 HERE. PLEASE RESET IT MANUALLY ACCORDING TO CROSS SECTION TYPES IF NECESSARY.

 ELEMENT TYPE         1 IS BEAM188 . KEYOPT(15) IS ALREADY SET AS SUGGESTED AND NO
 RESETTING IS NEEDED.



 *** ANSYS - ENGINEERING ANALYSIS SYSTEM  RELEASE 2022 R1          22.1     ***
 DISTRIBUTED Ansys Mechanical Enterprise                       

 00000000  VERSION=WINDOWS x64   22:51:18  SEP 15, 2022 CP=      0.484

 wbnew--Static Structural (A5)                                                 



                       S O L U T I O N   O P T I O N S

   PROBLEM DIMENSIONALITY. . . . . . . . . . . . .3-D                  
   DEGREES OF FREEDOM. . . . . . UX   UY   UZ   ROTX ROTY ROTZ
   ANALYSIS TYPE . . . . . . . . . . . . . . . . .STATIC (STEADY-STATE)
   OFFSET TEMPERATURE FROM ABSOLUTE ZERO . . . . .  273.15    
   EQUATION SOLVER OPTION. . . . . . . . . . . . .SPARSE             
   GLOBALLY ASSEMBLED MATRIX . . . . . . . . . . .SYMMETRIC  

 *** WARNING ***                         CP =       0.484   TIME= 22:51:18
 Material number 2 (used by element 312) should normally have at least   
 one MP or one TB type command associated with it.  Output of energy by  
 material may not be available.                                          

 *** NOTE ***                            CP =       0.484   TIME= 22:51:18
 The step data was checked and warning messages were found.              
  Please review output or errors file ( C:\Users\Dharshan                
 K\AppData\Local\Temp\WB_Dharshan                                        
 K_12668_2\_ProjectScratch\Scr1533\file0.err ) for these warning         
 messages.                                                               

 *** NOTE ***                            CP =       0.484   TIME= 22:51:18
 Internal nodes from 619 to 929 are created.                             
 311 internal nodes are used for quadratic and/or cubic options of       
 BEAM188, PIPE288, and/or SHELL208.                                      

  
  
     D I S T R I B U T E D   D O M A I N   D E C O M P O S E R
  
  ...Number of elements: 323
  ...Number of nodes:    929
  ...Decompose to 2 CPU domains
  ...Element load balance ratio =     1.043


                      L O A D   S T E P   O P T I O N S

   LOAD STEP NUMBER. . . . . . . . . . . . . . . .     1
   TIME AT END OF THE LOAD STEP. . . . . . . . . .  1.0000    
   NUMBER OF SUBSTEPS. . . . . . . . . . . . . . .     1
   STEP CHANGE BOUNDARY CONDITIONS . . . . . . . .    NO
   PRINT OUTPUT CONTROLS . . . . . . . . . . . . .NO PRINTOUT
   DATABASE OUTPUT CONTROLS
      ITEM     FREQUENCY   COMPONENT
       ALL       NONE               
      NSOL        ALL               
      RSOL        ALL               
      EANG        ALL               
      ETMP        ALL               
      VENG        ALL               
      STRS        ALL               
      EPEL        ALL               
      EPPL        ALL               
      CONT        ALL               
      MISC        ALL       _ELMISC 


 SOLUTION MONITORING INFO IS WRITTEN TO FILE= file.mntr                                                                                                                                                                                                                                                           

 *** NOTE ***                            CP =       0.516   TIME= 22:51:18
 Predictor is ON by default for structural elements with rotational      
 degrees of freedom.  Use the PRED,OFF command to turn the predictor     
 OFF if it adversely affects the convergence.                            


 *** WARNING ***                         CP =       0.516   TIME= 22:51:18
 A boundary condition has been applied on 6 degrees of freedom of the    
 node belonging to the FOLLW201 element number 318.                      

 *** WARNING ***                         CP =       0.516   TIME= 22:51:18
 A boundary condition has been applied on 6 degrees of freedom of the    
 node belonging to the FOLLW201 element number 319.                      

 *** WARNING ***                         CP =       0.516   TIME= 22:51:18
 A boundary condition has been applied on 6 degrees of freedom of the    
 node belonging to the FOLLW201 element number 320.                      


                         ***********  PRECISE MASS SUMMARY  ***********

   TOTAL RIGID BODY MASS MATRIX ABOUT ORIGIN
               Translational mass               |   Coupled translational/rotational mass
         326.89        0.0000        0.0000     |     0.0000        0.0000       -356.80    
         0.0000        326.89        0.0000     |     0.0000        0.0000        0.0000    
         0.0000        0.0000        326.89     |     356.80       0.56843E-13    0.0000    
     ------------------------------------------ | ------------------------------------------
                                                |         Rotational mass (inertia)
                                                |     789.64      -0.14211E-11  -0.55622E-02
                                                |   -0.14353E-11    2990.2      -0.64227E-02
                                                |   -0.55622E-02  -0.64227E-02    3779.7    

   TOTAL MASS =  326.89    
     The mass principal axes coincide with the global Cartesian axes

   CENTER OF MASS (X,Y,Z)=    0.0000        1.0915        0.0000    

   TOTAL INERTIA ABOUT CENTER OF MASS
         400.18      -0.14831E-11  -0.55622E-02
       -0.14831E-11    2990.2      -0.64227E-02
       -0.55622E-02  -0.64227E-02    3390.2    
     The inertia principal axes coincide with the global Cartesian axes


  *** MASS SUMMARY BY ELEMENT TYPE ***

  TYPE      MASS
     1   326.890    

 Range of element maximum matrix coefficients in global coordinates
 Maximum = 9.680000025E+09 at element 287.                               
 Minimum = 7.539096498E+09 at element 204.                               

   *** ELEMENT MATRIX FORMULATION TIMES
     TYPE    NUMBER   ENAME      TOTAL CP  AVE CP

        1       311  BEAM188       0.000   0.000000
        2         3  CLOAD201      0.000   0.000000
        5         3  CLOAD201      0.000   0.000000
        8         3  CLOAD201      0.000   0.000000
       11         3  CLOAD201      0.000   0.000000
 Time at end of element matrix formulation CP = 0.515625.                

 DISTRIBUTED SPARSE MATRIX DIRECT SOLVER.
  Number of equations =        3700,    Maximum wavefront =     48

  Process memory allocated for solver              =     2.237 MB
  Process memory required for in-core solution     =     2.159 MB
  Process memory required for out-of-core solution =     1.720 MB

  Total memory allocated for solver                =     4.463 MB
  Total memory required for in-core solution       =     4.305 MB
  Total memory required for out-of-core solution   =     3.415 MB

 *** NOTE ***                            CP =       0.531   TIME= 22:51:18
 The Distributed Sparse Matrix Solver is currently running in the        
 in-core memory mode.  This memory mode uses the most amount of memory   
 in order to avoid using the hard drive as much as possible, which most  
 often results in the fastest solution time.  This mode is recommended   
 if enough physical memory is present to accommodate all of the solver   
 data.                                                                   
 Distributed sparse solver maximum pivot= 3.630000006E+09 at node 263    
 UX.                                                                     
 Distributed sparse solver minimum pivot= 2193.93766 at node 292 ROTX.   
 Distributed sparse solver minimum pivot in absolute value= 2193.93766   
 at node 292 ROTX.                                                       

   *** ELEMENT RESULT CALCULATION TIMES
     TYPE    NUMBER   ENAME      TOTAL CP  AVE CP

        1       311  BEAM188       0.031   0.000100
        2         3  CLOAD201      0.000   0.000000
        5         3  CLOAD201      0.000   0.000000
        8         3  CLOAD201      0.000   0.000000
       11         3  CLOAD201      0.000   0.000000

   *** NODAL LOAD CALCULATION TIMES
     TYPE    NUMBER   ENAME      TOTAL CP  AVE CP

        1       311  BEAM188       0.000   0.000000
        2         3  CLOAD201      0.000   0.000000
        5         3  CLOAD201      0.000   0.000000
        8         3  CLOAD201      0.000   0.000000
       11         3  CLOAD201      0.000   0.000000
 *** LOAD STEP     1   SUBSTEP     1  COMPLETED.    CUM ITER =      1
 *** TIME =   1.00000         TIME INC =   1.00000      NEW TRIANG MATRIX


 *** ANSYS BINARY FILE STATISTICS
  BUFFER SIZE USED= 16384
        0.062 MB WRITTEN ON ELEMENT MATRIX FILE: file0.emat
        0.125 MB WRITTEN ON ELEMENT SAVED DATA FILE: file0.esav
        0.312 MB WRITTEN ON ASSEMBLED MATRIX FILE: file0.full
        0.562 MB WRITTEN ON RESULTS FILE: file0.rst
 *************** Write FE CONNECTORS *********

 WRITE OUT CONSTRAINT EQUATIONS TO FILE= file.ce                                                                                                                                                                                                                                                             
 ****************************************************
 *************** FINISHED SOLVE FOR LS 1 *************

 *GET  _WALLASOL  FROM  ACTI  ITEM=TIME WALL  VALUE=  22.8550000    

 PRINTOUT RESUMED BY /GOP

 FINISH SOLUTION PROCESSING


 ***** ROUTINE COMPLETED *****  CP =         0.594



 *** ANSYS - ENGINEERING ANALYSIS SYSTEM  RELEASE 2022 R1          22.1     ***
 DISTRIBUTED Ansys Mechanical Enterprise                       

 00000000  VERSION=WINDOWS x64   22:51:18  SEP 15, 2022 CP=      0.594

 wbnew--Static Structural (A5)                                                 



          ***** ANSYS RESULTS INTERPRETATION (POST1) *****

 *** NOTE ***                            CP =       0.594   TIME= 22:51:18
 Reading results into the database (SET command) will update the current 
 displacement and force boundary conditions in the database with the     
 values from the results file for that load set.  Note that any          
 subsequent solutions will use these values unless action is taken to    
 either SAVE the current values or not overwrite them (/EXIT,NOSAVE).    

 Set Encoding of XML File to:ISO-8859-1

 Set Output of XML File to:
     PARM,     ,     ,     ,     ,     ,     ,     ,     ,     ,     ,     ,
         ,     ,     ,     ,     ,     ,     ,

 DATABASE WRITTEN ON FILE  parm.xml                                                                                                                                                                                                                                                            

 EXIT THE ANSYS POST1 DATABASE PROCESSOR


 ***** ROUTINE COMPLETED *****  CP =         0.609



 PRINTOUT RESUMED BY /GOP

 *GET  _WALLDONE  FROM  ACTI  ITEM=TIME WALL  VALUE=  22.8550000    

 PARAMETER _PREPTIME =     0.000000000    

 PARAMETER _SOLVTIME =     0.000000000    

 PARAMETER _POSTTIME =     0.000000000    

 PARAMETER _TOTALTIM =     0.000000000    

 *GET  _DLBRATIO  FROM  ACTI  ITEM=SOLU DLBR  VALUE=  1.04347826    

 *GET  _COMBTIME  FROM  ACTI  ITEM=SOLU COMB  VALUE= 0.643860000E-02

 *GET  _SSMODE   FROM  ACTI  ITEM=SOLU SSMM  VALUE=  2.00000000    

 *GET  _NDOFS    FROM  ACTI  ITEM=SOLU NDOF  VALUE=  3700.00000    

 *GET  _SOL_END_TIME  FROM  ACTI  ITEM=SET  TIME  VALUE=  1.00000000    

 *IF  _sol_end_time                     ( =   1.00000     )  EQ  
      1.000000                          ( =   1.00000     )  THEN    

 /FCLEAN COMMAND REMOVING ALL LOCAL FILES

 *ENDIF
 --- Total number of nodes = 618
 --- Total number of elements = 323
 --- Element load balance ratio = 1.04347826
 --- Time to combine distributed files = 6.4386E-03
 --- Sparse memory mode = 2
 --- Number of DOF = 3700

 EXIT ANSYS WITHOUT SAVING DATABASE


 NUMBER OF WARNING MESSAGES ENCOUNTERED=          5
 NUMBER OF ERROR   MESSAGES ENCOUNTERED=          0

+--------- D I S T R I B U T E D   A N S Y S   S T A T I S T I C S ------------+

Release: 2022 R1            Build: 22.1       Update: UP20211129   Platform: WINDOWS x64 
Date Run: 09/15/2022   Time: 22:51     Process ID: 13012
Operating System: Windows 10  (Build: 19044)

Processor Model: Intel(R) Core(TM) i7-9750H CPU @ 2.60GHz

Compiler: Intel(R) Fortran Compiler Version 19.0.5  (Build: 20190815)
          Intel(R) C/C++ Compiler Version 19.0.5  (Build: 20190815)
          Intel(R) Math Kernel Library Version 2020.0.0 Product Build 20191125
          BLAS Library supplied by Intel(R) MKL

Number of machines requested            :    1
Total number of cores available         :   12
Number of physical cores available      :    6
Number of processes requested           :    2
Number of threads per process requested :    1
Total number of cores requested         :    2 (Distributed Memory Parallel)               
MPI Type: INTELMPI
MPI Version: Intel(R) MPI Library 2019 Update 10 for Windows* OS


GPU Acceleration: Not Requested

Job Name: file0
Input File: dummy.dat

  Core                Machine Name   Working Directory
 -----------------------------------------------------
     0                         MSI   C:\Users\Dharshan K\AppData\Local\Temp\WB_Dharshan K_12668_2\_ProjectScratch\Scr1533
     1                         MSI   C:\Users\Dharshan K\AppData\Local\Temp\WB_Dharshan K_12668_2\_ProjectScratch\Scr1533
 
Latency time from master to core     1 =    5.269 microseconds
 
Communication speed from master to core     1 =  5519.56 MB/sec

Total CPU time for main thread                    :        0.6 seconds
Total CPU time summed for all threads             :        0.8 seconds

Elapsed time spent obtaining a license            :        0.4 seconds
Elapsed time spent pre-processing model (/PREP7)  :        0.1 seconds
Elapsed time spent solution - preprocessing       :        0.1 seconds
Elapsed time spent computing solution             :        0.4 seconds
Elapsed time spent solution - postprocessing      :        0.0 seconds
Elapsed time spent post-processing model (/POST1) :        0.0 seconds
 
Equation solver used                              :            Sparse (symmetric)
Equation solver effective I/O rate                :        0.0 GB/sec

Sum of memory used on all processes               :       86.0 MB
Sum of memory allocated on all processes          :     3136.0 MB
Physical memory available                         :          8 GB

Total amount of I/O written to disk               :        0.0 GB
Total amount of I/O read from disk                :        0.0 GB

+------ E N D   D I S T R I B U T E D   A N S Y S   S T A T I S T I C S -------+


 *---------------------------------------------------------------------------*
 |                                                                           |
 |                       DISTRIBUTED ANSYS RUN COMPLETED                     |
 |                                                                           |
 |---------------------------------------------------------------------------|
 |                                                                           |
 | Ansys 2022 R1               Build 22.1         UP20211129     WINDOWS x64 |
 |                                                                           |
 |---------------------------------------------------------------------------|
 |                                                                           |
 | Database Requested(-db)  1024 MB    Scratch Memory Requested      1024 MB |
 | Maximum Database Used       1 MB    Maximum Scratch Memory Used     42 MB |
 |                                                                           |
 |---------------------------------------------------------------------------|
 |                                                                           |
 |        CP Time      (sec) =          0.844       Time  =  22:51:19        |
 |        Elapsed Time (sec) =          9.000       Date  =  09/15/2022      |
 |                                                                           |
 *---------------------------------------------------------------------------*
